<?xml version="1.0" encoding="UTF-8"?>
<testng-results ignored="0" total="1" passed="1" failed="0" skipped="0">
  <reporter-output>
  </reporter-output>
  <suite started-at="2023-11-03T20:53:23Z" name="Default suite" finished-at="2023-11-03T20:53:28Z" duration-ms="4553">
    <groups>
    </groups>
    <test started-at="2023-11-03T20:53:23Z" name="Default test" finished-at="2023-11-03T20:53:28Z" duration-ms="4553">
      <class name="com.aman.SelCommands.CarterTest">
        <test-method is-config="true" signature="launchBrowser()[pri:0, instance:com.aman.SelCommands.CarterTest@1efe439d]" started-at="2023-11-03T20:53:23Z" name="launchBrowser" finished-at="2023-11-03T20:53:27Z" duration-ms="4300" status="PASS">
          <reporter-output>
          </reporter-output>
        </test-method> <!-- launchBrowser -->
        <test-method signature="checkIfLogoIsPresent()[pri:0, instance:com.aman.SelCommands.CarterTest@1efe439d]" started-at="2023-11-03T20:53:27Z" name="checkIfLogoIsPresent" finished-at="2023-11-03T20:53:27Z" duration-ms="95" status="PASS">
          <reporter-output>
          </reporter-output>
        </test-method> <!-- checkIfLogoIsPresent -->
        <test-method is-config="true" signature="tearDown()[pri:0, instance:com.aman.SelCommands.CarterTest@1efe439d]" started-at="2023-11-03T20:53:27Z" name="tearDown" finished-at="2023-11-03T20:53:28Z" duration-ms="143" status="PASS">
          <reporter-output>
          </reporter-output>
        </test-method> <!-- tearDown -->
      </class> <!-- com.aman.SelCommands.CarterTest -->
    </test> <!-- Default test -->
  </suite> <!-- Default suite -->
</testng-results>
